# JRE version: Java(TM) SE Runtime Environment (8.0_60-b27) (build 1.8.0_60-b27)
# Java VM: Java HotSpot(TM) 64-Bit Server VM (25.60-b23 mixed mode bsd-amd64 compressed oops)
Heap:
 PSYoungGen      total 100352K, used 1792K [0x000000076ab00000, 0x0000000771780000, 0x00000007c0000000)
  eden space 89600K, 2% used [0x000000076ab00000,0x000000076acc01a8,0x0000000770280000)
  from space 10752K, 0% used [0x0000000770d00000,0x0000000770d00000,0x0000000771780000)
  to   space 10752K, 0% used [0x0000000770280000,0x0000000770280000,0x0000000770d00000)
 ParOldGen       total 114688K, used 6661K [0x00000006c0000000, 0x00000006c7000000, 0x000000076ab00000)
  object space 114688K, 5% used [0x00000006c0000000,0x00000006c0681400,0x00000006c7000000)
 Metaspace       used 22006K, capacity 22243K, committed 22448K, reserved 1069056K
  class space    used 2645K, capacity 2750K, committed 2816K, reserved 1048576K
GC Heap History (10 events):
Event: 3.529 GC heap before
{Heap before GC invocations=3 (full 1):
 PSYoungGen      total 76288K, used 6814K [0x000000076ab00000, 0x0000000770000000, 0x00000007c0000000)
  eden space 65536K, 0% used [0x000000076ab00000,0x000000076ab00000,0x000000076eb00000)
  from space 10752K, 63% used [0x000000076f580000,0x000000076fc27910,0x0000000770000000)
  to   space 10752K, 0% used [0x000000076eb00000,0x000000076eb00000,0x000000076f580000)
 ParOldGen       total 175104K, used 24K [0x00000006c0000000, 0x00000006cab00000, 0x000000076ab00000)
  object space 175104K, 0% used [0x00000006c0000000,0x00000006c0006000,0x00000006cab00000)
 Metaspace       used 20923K, capacity 21087K, committed 21296K, reserved 1069056K
  class space    used 2559K, capacity 2622K, committed 2688K, reserved 1048576K
Event: 3.555 GC heap after
Heap after GC invocations=3 (full 1):
 PSYoungGen      total 76288K, used 0K [0x000000076ab00000, 0x0000000770000000, 0x00000007c0000000)
  eden space 65536K, 0% used [0x000000076ab00000,0x000000076ab00000,0x000000076eb00000)
  from space 10752K, 0% used [0x000000076f580000,0x000000076f580000,0x0000000770000000)
  to   space 10752K, 0% used [0x000000076eb00000,0x000000076eb00000,0x000000076f580000)
 ParOldGen       total 114688K, used 6640K [0x00000006c0000000, 0x00000006c7000000, 0x000000076ab00000)
  object space 114688K, 5% used [0x00000006c0000000,0x00000006c067c048,0x00000006c7000000)
 Metaspace       used 20923K, capacity 21087K, committed 21296K, reserved 1069056K
  class space    used 2559K, capacity 2622K, committed 2688K, reserved 1048576K
}
Event: 12.170 GC heap before
{Heap before GC invocations=4 (full 1):
 PSYoungGen      total 76288K, used 10486K [0x000000076ab00000, 0x0000000770000000, 0x00000007c0000000)
  eden space 65536K, 16% used [0x000000076ab00000,0x000000076b53dba8,0x000000076eb00000)
  from space 10752K, 0% used [0x000000076f580000,0x000000076f580000,0x0000000770000000)
  to   space 10752K, 0% used [0x000000076eb00000,0x000000076eb00000,0x000000076f580000)
 ParOldGen       total 114688K, used 6640K [0x00000006c0000000, 0x00000006c7000000, 0x000000076ab00000)
  object space 114688K, 5% used [0x00000006c0000000,0x00000006c067c048,0x00000006c7000000)
 Metaspace       used 21950K, capacity 22115K, committed 22320K, reserved 1069056K
  class space    used 2637K, capacity 2686K, committed 2688K, reserved 1048576K
Event: 12.171 GC heap after
Heap after GC invocations=4 (full 1):
 PSYoungGen      total 76288K, used 413K [0x000000076ab00000, 0x0000000771780000, 0x00000007c0000000)
  eden space 65536K, 0% used [0x000000076ab00000,0x000000076ab00000,0x000000076eb00000)
  from space 10752K, 3% used [0x000000076eb00000,0x000000076eb67460,0x000000076f580000)
  to   space 10752K, 0% used [0x0000000770d00000,0x0000000770d00000,0x0000000771780000)
 ParOldGen       total 114688K, used 6648K [0x00000006c0000000, 0x00000006c7000000, 0x000000076ab00000)
  object space 114688K, 5% used [0x00000006c0000000,0x00000006c067e048,0x00000006c7000000)
 Metaspace       used 21950K, capacity 22115K, committed 22320K, reserved 1069056K
  class space    used 2637K, capacity 2686K, committed 2688K, reserved 1048576K
}
Event: 12.171 GC heap before
{Heap before GC invocations=5 (full 2):
 PSYoungGen      total 76288K, used 413K [0x000000076ab00000, 0x0000000771780000, 0x00000007c0000000)
  eden space 65536K, 0% used [0x000000076ab00000,0x000000076ab00000,0x000000076eb00000)
  from space 10752K, 3% used [0x000000076eb00000,0x000000076eb67460,0x000000076f580000)
  to   space 10752K, 0% used [0x0000000770d00000,0x0000000770d00000,0x0000000771780000)
 ParOldGen       total 114688K, used 6648K [0x00000006c0000000, 0x00000006c7000000, 0x000000076ab00000)
  object space 114688K, 5% used [0x00000006c0000000,0x00000006c067e048,0x00000006c7000000)
 Metaspace       used 21950K, capacity 22115K, committed 22320K, reserved 1069056K
  class space    used 2637K, capacity 2686K, committed 2688K, reserved 1048576K
Event: 12.227 GC heap after
Heap after GC invocations=5 (full 2):
 PSYoungGen      total 76288K, used 0K [0x000000076ab00000, 0x0000000771780000, 0x00000007c0000000)
  eden space 65536K, 0% used [0x000000076ab00000,0x000000076ab00000,0x000000076eb00000)
  from space 10752K, 0% used [0x000000076eb00000,0x000000076eb00000,0x000000076f580000)
  to   space 10752K, 0% used [0x0000000770d00000,0x0000000770d00000,0x0000000771780000)
 ParOldGen       total 114688K, used 6751K [0x00000006c0000000, 0x00000006c7000000, 0x000000076ab00000)
  object space 114688K, 5% used [0x00000006c0000000,0x00000006c0697e28,0x00000006c7000000)
 Metaspace       used 21950K, capacity 22115K, committed 22320K, reserved 1069056K
  class space    used 2637K, capacity 2686K, committed 2688K, reserved 1048576K
}
Event: 12.249 GC heap before
{Heap before GC invocations=6 (full 2):
 PSYoungGen      total 76288K, used 3932K [0x000000076ab00000, 0x0000000771780000, 0x00000007c0000000)
  eden space 65536K, 6% used [0x000000076ab00000,0x000000076aed7180,0x000000076eb00000)
  from space 10752K, 0% used [0x000000076eb00000,0x000000076eb00000,0x000000076f580000)
  to   space 10752K, 0% used [0x0000000770d00000,0x0000000770d00000,0x0000000771780000)
 ParOldGen       total 114688K, used 6751K [0x00000006c0000000, 0x00000006c7000000, 0x000000076ab00000)
  object space 114688K, 5% used [0x00000006c0000000,0x00000006c0697e28,0x00000006c7000000)
 Metaspace       used 22006K, capacity 22243K, committed 22448K, reserved 1069056K
  class space    used 2645K, capacity 2750K, committed 2816K, reserved 1048576K
Event: 12.250 GC heap after
Heap after GC invocations=6 (full 2):
 PSYoungGen      total 100352K, used 192K [0x000000076ab00000, 0x0000000771780000, 0x00000007c0000000)
  eden space 89600K, 0% used [0x000000076ab00000,0x000000076ab00000,0x0000000770280000)
  from space 10752K, 1% used [0x0000000770d00000,0x0000000770d30000,0x0000000771780000)
  to   space 10752K, 0% used [0x0000000770280000,0x0000000770280000,0x0000000770d00000)
 ParOldGen       total 114688K, used 6751K [0x00000006c0000000, 0x00000006c7000000, 0x000000076ab00000)
  object space 114688K, 5% used [0x00000006c0000000,0x00000006c0697e28,0x00000006c7000000)
 Metaspace       used 22006K, capacity 22243K, committed 22448K, reserved 1069056K
  class space    used 2645K, capacity 2750K, committed 2816K, reserved 1048576K
}
Event: 12.250 GC heap before
{Heap before GC invocations=7 (full 3):
 PSYoungGen      total 100352K, used 192K [0x000000076ab00000, 0x0000000771780000, 0x00000007c0000000)
  eden space 89600K, 0% used [0x000000076ab00000,0x000000076ab00000,0x0000000770280000)
  from space 10752K, 1% used [0x0000000770d00000,0x0000000770d30000,0x0000000771780000)
  to   space 10752K, 0% used [0x0000000770280000,0x0000000770280000,0x0000000770d00000)
 ParOldGen       total 114688K, used 6751K [0x00000006c0000000, 0x00000006c7000000, 0x000000076ab00000)
  object space 114688K, 5% used [0x00000006c0000000,0x00000006c0697e28,0x00000006c7000000)
 Metaspace       used 22006K, capacity 22243K, committed 22448K, reserved 1069056K
  class space    used 2645K, capacity 2750K, committed 2816K, reserved 1048576K
Event: 12.298 GC heap after
Heap after GC invocations=7 (full 3):
 PSYoungGen      total 100352K, used 0K [0x000000076ab00000, 0x0000000771780000, 0x00000007c0000000)
  eden space 89600K, 0% used [0x000000076ab00000,0x000000076ab00000,0x0000000770280000)
  from space 10752K, 0% used [0x0000000770d00000,0x0000000770d00000,0x0000000771780000)
  to   space 10752K, 0% used [0x0000000770280000,0x0000000770280000,0x0000000770d00000)
 ParOldGen       total 114688K, used 6661K [0x00000006c0000000, 0x00000006c7000000, 0x000000076ab00000)
  object space 114688K, 5% used [0x00000006c0000000,0x00000006c0681400,0x00000006c7000000)
 Metaspace       used 22006K, capacity 22243K, committed 22448K, reserved 1069056K
  class space    used 2645K, capacity 2750K, committed 2816K, reserved 1048576K
}

