# JRE version: Java(TM) SE Runtime Environment (8.0_60-b27) (build 1.8.0_60-b27)
# Java VM: Java HotSpot(TM) 64-Bit Server VM (25.60-b23 mixed mode bsd-amd64 compressed oops)
Heap:
 PSYoungGen      total 99328K, used 2657K [0x000000076ab00000, 0x0000000771680000, 0x00000007c0000000)
  eden space 88576K, 3% used [0x000000076ab00000,0x000000076ad985a8,0x0000000770180000)
  from space 10752K, 0% used [0x0000000770c00000,0x0000000770c00000,0x0000000771680000)
  to   space 10752K, 0% used [0x0000000770180000,0x0000000770180000,0x0000000770c00000)
 ParOldGen       total 115712K, used 6677K [0x00000006c0000000, 0x00000006c7100000, 0x000000076ab00000)
  object space 115712K, 5% used [0x00000006c0000000,0x00000006c0685680,0x00000006c7100000)
 Metaspace       used 22163K, capacity 22409K, committed 22704K, reserved 1069056K
  class space    used 2644K, capacity 2719K, committed 2816K, reserved 1048576K
GC Heap History (10 events):
Event: 3.354 GC heap before
{Heap before GC invocations=3 (full 1):
 PSYoungGen      total 76288K, used 6766K [0x000000076ab00000, 0x0000000770000000, 0x00000007c0000000)
  eden space 65536K, 0% used [0x000000076ab00000,0x000000076ab00000,0x000000076eb00000)
  from space 10752K, 62% used [0x000000076f580000,0x000000076fc1b900,0x0000000770000000)
  to   space 10752K, 0% used [0x000000076eb00000,0x000000076eb00000,0x000000076f580000)
 ParOldGen       total 175104K, used 24K [0x00000006c0000000, 0x00000006cab00000, 0x000000076ab00000)
  object space 175104K, 0% used [0x00000006c0000000,0x00000006c0006000,0x00000006cab00000)
 Metaspace       used 20921K, capacity 21087K, committed 21296K, reserved 1069056K
  class space    used 2557K, capacity 2622K, committed 2688K, reserved 1048576K
Event: 3.385 GC heap after
Heap after GC invocations=3 (full 1):
 PSYoungGen      total 76288K, used 0K [0x000000076ab00000, 0x0000000770000000, 0x00000007c0000000)
  eden space 65536K, 0% used [0x000000076ab00000,0x000000076ab00000,0x000000076eb00000)
  from space 10752K, 0% used [0x000000076f580000,0x000000076f580000,0x0000000770000000)
  to   space 10752K, 0% used [0x000000076eb00000,0x000000076eb00000,0x000000076f580000)
 ParOldGen       total 115712K, used 6650K [0x00000006c0000000, 0x00000006c7100000, 0x000000076ab00000)
  object space 115712K, 5% used [0x00000006c0000000,0x00000006c067e8c0,0x00000006c7100000)
 Metaspace       used 20921K, capacity 21087K, committed 21296K, reserved 1069056K
  class space    used 2557K, capacity 2622K, committed 2688K, reserved 1048576K
}
Event: 15.318 GC heap before
{Heap before GC invocations=4 (full 1):
 PSYoungGen      total 76288K, used 13108K [0x000000076ab00000, 0x0000000770000000, 0x00000007c0000000)
  eden space 65536K, 20% used [0x000000076ab00000,0x000000076b7cd160,0x000000076eb00000)
  from space 10752K, 0% used [0x000000076f580000,0x000000076f580000,0x0000000770000000)
  to   space 10752K, 0% used [0x000000076eb00000,0x000000076eb00000,0x000000076f580000)
 ParOldGen       total 115712K, used 6650K [0x00000006c0000000, 0x00000006c7100000, 0x000000076ab00000)
  object space 115712K, 5% used [0x00000006c0000000,0x00000006c067e8c0,0x00000006c7100000)
 Metaspace       used 22107K, capacity 22313K, committed 22576K, reserved 1069056K
  class space    used 2636K, capacity 2687K, committed 2688K, reserved 1048576K
Event: 15.320 GC heap after
Heap after GC invocations=4 (full 1):
 PSYoungGen      total 76288K, used 413K [0x000000076ab00000, 0x0000000771680000, 0x00000007c0000000)
  eden space 65536K, 0% used [0x000000076ab00000,0x000000076ab00000,0x000000076eb00000)
  from space 10752K, 3% used [0x000000076eb00000,0x000000076eb67460,0x000000076f580000)
  to   space 10752K, 0% used [0x0000000770c00000,0x0000000770c00000,0x0000000771680000)
 ParOldGen       total 115712K, used 6658K [0x00000006c0000000, 0x00000006c7100000, 0x000000076ab00000)
  object space 115712K, 5% used [0x00000006c0000000,0x00000006c06808c0,0x00000006c7100000)
 Metaspace       used 22107K, capacity 22313K, committed 22576K, reserved 1069056K
  class space    used 2636K, capacity 2687K, committed 2688K, reserved 1048576K
}
Event: 15.320 GC heap before
{Heap before GC invocations=5 (full 2):
 PSYoungGen      total 76288K, used 413K [0x000000076ab00000, 0x0000000771680000, 0x00000007c0000000)
  eden space 65536K, 0% used [0x000000076ab00000,0x000000076ab00000,0x000000076eb00000)
  from space 10752K, 3% used [0x000000076eb00000,0x000000076eb67460,0x000000076f580000)
  to   space 10752K, 0% used [0x0000000770c00000,0x0000000770c00000,0x0000000771680000)
 ParOldGen       total 115712K, used 6658K [0x00000006c0000000, 0x00000006c7100000, 0x000000076ab00000)
  object space 115712K, 5% used [0x00000006c0000000,0x00000006c06808c0,0x00000006c7100000)
 Metaspace       used 22107K, capacity 22313K, committed 22576K, reserved 1069056K
  class space    used 2636K, capacity 2687K, committed 2688K, reserved 1048576K
Event: 15.382 GC heap after
Heap after GC invocations=5 (full 2):
 PSYoungGen      total 76288K, used 0K [0x000000076ab00000, 0x0000000771680000, 0x00000007c0000000)
  eden space 65536K, 0% used [0x000000076ab00000,0x000000076ab00000,0x000000076eb00000)
  from space 10752K, 0% used [0x000000076eb00000,0x000000076eb00000,0x000000076f580000)
  to   space 10752K, 0% used [0x0000000770c00000,0x0000000770c00000,0x0000000771680000)
 ParOldGen       total 115712K, used 6778K [0x00000006c0000000, 0x00000006c7100000, 0x000000076ab00000)
  object space 115712K, 5% used [0x00000006c0000000,0x00000006c069eb40,0x00000006c7100000)
 Metaspace       used 22107K, capacity 22313K, committed 22576K, reserved 1069056K
  class space    used 2636K, capacity 2687K, committed 2688K, reserved 1048576K
}
Event: 15.404 GC heap before
{Heap before GC invocations=6 (full 2):
 PSYoungGen      total 76288K, used 3932K [0x000000076ab00000, 0x0000000771680000, 0x00000007c0000000)
  eden space 65536K, 6% used [0x000000076ab00000,0x000000076aed71a0,0x000000076eb00000)
  from space 10752K, 0% used [0x000000076eb00000,0x000000076eb00000,0x000000076f580000)
  to   space 10752K, 0% used [0x0000000770c00000,0x0000000770c00000,0x0000000771680000)
 ParOldGen       total 115712K, used 6778K [0x00000006c0000000, 0x00000006c7100000, 0x000000076ab00000)
  object space 115712K, 5% used [0x00000006c0000000,0x00000006c069eb40,0x00000006c7100000)
 Metaspace       used 22163K, capacity 22409K, committed 22704K, reserved 1069056K
  class space    used 2644K, capacity 2719K, committed 2816K, reserved 1048576K
Event: 15.405 GC heap after
Heap after GC invocations=6 (full 2):
 PSYoungGen      total 99328K, used 192K [0x000000076ab00000, 0x0000000771680000, 0x00000007c0000000)
  eden space 88576K, 0% used [0x000000076ab00000,0x000000076ab00000,0x0000000770180000)
  from space 10752K, 1% used [0x0000000770c00000,0x0000000770c30000,0x0000000771680000)
  to   space 10752K, 0% used [0x0000000770180000,0x0000000770180000,0x0000000770c00000)
 ParOldGen       total 115712K, used 6786K [0x00000006c0000000, 0x00000006c7100000, 0x000000076ab00000)
  object space 115712K, 5% used [0x00000006c0000000,0x00000006c06a0b40,0x00000006c7100000)
 Metaspace       used 22163K, capacity 22409K, committed 22704K, reserved 1069056K
  class space    used 2644K, capacity 2719K, committed 2816K, reserved 1048576K
}
Event: 15.405 GC heap before
{Heap before GC invocations=7 (full 3):
 PSYoungGen      total 99328K, used 192K [0x000000076ab00000, 0x0000000771680000, 0x00000007c0000000)
  eden space 88576K, 0% used [0x000000076ab00000,0x000000076ab00000,0x0000000770180000)
  from space 10752K, 1% used [0x0000000770c00000,0x0000000770c30000,0x0000000771680000)
  to   space 10752K, 0% used [0x0000000770180000,0x0000000770180000,0x0000000770c00000)
 ParOldGen       total 115712K, used 6786K [0x00000006c0000000, 0x00000006c7100000, 0x000000076ab00000)
  object space 115712K, 5% used [0x00000006c0000000,0x00000006c06a0b40,0x00000006c7100000)
 Metaspace       used 22163K, capacity 22409K, committed 22704K, reserved 1069056K
  class space    used 2644K, capacity 2719K, committed 2816K, reserved 1048576K
Event: 15.451 GC heap after
Heap after GC invocations=7 (full 3):
 PSYoungGen      total 99328K, used 0K [0x000000076ab00000, 0x0000000771680000, 0x00000007c0000000)
  eden space 88576K, 0% used [0x000000076ab00000,0x000000076ab00000,0x0000000770180000)
  from space 10752K, 0% used [0x0000000770c00000,0x0000000770c00000,0x0000000771680000)
  to   space 10752K, 0% used [0x0000000770180000,0x0000000770180000,0x0000000770c00000)
 ParOldGen       total 115712K, used 6677K [0x00000006c0000000, 0x00000006c7100000, 0x000000076ab00000)
  object space 115712K, 5% used [0x00000006c0000000,0x00000006c0685680,0x00000006c7100000)
 Metaspace       used 22163K, capacity 22409K, committed 22704K, reserved 1069056K
  class space    used 2644K, capacity 2719K, committed 2816K, reserved 1048576K
}

